[06-Oct-2024 20:08:43 UTC] PHP Warning:  Undefined array key 0 in D:\GitMetro\Proyecto_Almacen\vistas\consultas_por_fecha.php on line 197
[06-Oct-2024 20:08:43 UTC] PHP Fatal error:  Uncaught TypeError: array_keys(): Argument #1 ($array) must be of type array, null given in D:\GitMetro\Proyecto_Almacen\vistas\consultas_por_fecha.php:197
Stack trace:
#0 D:\GitMetro\Proyecto_Almacen\vistas\consultas_por_fecha.php(197): array_keys()
#1 {main}
  thrown in D:\GitMetro\Proyecto_Almacen\vistas\consultas_por_fecha.php on line 197
[06-Oct-2024 20:09:29 UTC] PHP Warning:  Undefined array key 0 in D:\GitMetro\Proyecto_Almacen\vistas\consultas_por_fecha.php on line 197
[06-Oct-2024 20:09:29 UTC] PHP Fatal error:  Uncaught TypeError: array_keys(): Argument #1 ($array) must be of type array, null given in D:\GitMetro\Proyecto_Almacen\vistas\consultas_por_fecha.php:197
Stack trace:
#0 D:\GitMetro\Proyecto_Almacen\vistas\consultas_por_fecha.php(197): array_keys()
#1 {main}
  thrown in D:\GitMetro\Proyecto_Almacen\vistas\consultas_por_fecha.php on line 197
[06-Oct-2024 20:09:33 UTC] PHP Warning:  Undefined array key 0 in D:\GitMetro\Proyecto_Almacen\vistas\consulta_por_descripcion.php on line 148
[06-Oct-2024 20:09:33 UTC] PHP Fatal error:  Uncaught TypeError: array_keys(): Argument #1 ($array) must be of type array, null given in D:\GitMetro\Proyecto_Almacen\vistas\consulta_por_descripcion.php:148
Stack trace:
#0 D:\GitMetro\Proyecto_Almacen\vistas\consulta_por_descripcion.php(148): array_keys()
#1 {main}
  thrown in D:\GitMetro\Proyecto_Almacen\vistas\consulta_por_descripcion.php on line 148
[06-Oct-2024 20:09:44 UTC] PHP Warning:  Undefined array key "CODIGO" in D:\GitMetro\Proyecto_Almacen\vistas\existencia_articulo.php on line 61
[06-Oct-2024 20:09:45 UTC] PHP Warning:  Undefined array key "CODIGO" in D:\GitMetro\Proyecto_Almacen\vistas\existencia_articulo.php on line 61
